<?xml version="1.0" encoding="UTF-8"?>
<!-- Generated by org.testng.reporters.JUnitXMLReporter -->
<testsuite ignored="0" hostname="LAPTOP-6M7LULL1" failures="0" tests="14" name="Surefire test" time="21.853" errors="0" timestamp="2024-06-25T16:28:40 IST">
  <testcase classname="api.test.DataDrivenTests" name="testPostUsers" time="2.934"/>
  <testcase classname="api.test.DataDrivenTests" name="testPostUsers" time="1.238"/>
  <testcase classname="api.test.DataDrivenTests" name="testPostUsers" time="1.286"/>
  <testcase classname="api.test.DataDrivenTests" name="testPostUsers" time="1.318"/>
  <testcase classname="api.test.DataDrivenTests" name="testPostUsers" time="1.178"/>
  <testcase classname="api.test.DataDrivenTests" name="testDeleteUsers" time="1.255"/>
  <testcase classname="api.test.DataDrivenTests" name="testDeleteUsers" time="1.193"/>
  <testcase classname="api.test.DataDrivenTests" name="testDeleteUsers" time="1.27"/>
  <testcase classname="api.test.DataDrivenTests" name="testDeleteUsers" time="1.301"/>
  <testcase classname="api.test.DataDrivenTests" name="testDeleteUsers" time="1.343"/>
  <testcase classname="api.test.UserTests" name="testPostUser" time="1.358"/>
  <testcase classname="api.test.UserTests" name="testGetUserByName" time="1.307"/>
  <testcase classname="api.test.UserTests" name="testUpdateUserByName" time="1.231"/>
  <testcase classname="api.test.UserTests" name="testDeleteUserByName" time="1.221"/>
</testsuite> <!-- Surefire test -->
