<?xml version="1.0" encoding="UTF-8"?>
<!-- Generated by org.testng.reporters.JUnitXMLReporter -->
<testsuite ignored="0" hostname="LAPTOP-6M7LULL1" failures="0" tests="10" name="Default test" time="15.768" errors="0" timestamp="2024-06-12T16:30:45 IST">
  <testcase classname="api.test.DataDrivenTests" name="testPostUsers" time="2.892"/>
  <testcase classname="api.test.DataDrivenTests" name="testPostUsers" time="1.253"/>
  <testcase classname="api.test.DataDrivenTests" name="testPostUsers" time="1.253"/>
  <testcase classname="api.test.DataDrivenTests" name="testPostUsers" time="1.204"/>
  <testcase classname="api.test.DataDrivenTests" name="testPostUsers" time="1.205"/>
  <testcase classname="api.test.DataDrivenTests" name="testDeleteUsers" time="1.189"/>
  <testcase classname="api.test.DataDrivenTests" name="testDeleteUsers" time="1.188"/>
  <testcase classname="api.test.DataDrivenTests" name="testDeleteUsers" time="1.142"/>
  <testcase classname="api.test.DataDrivenTests" name="testDeleteUsers" time="1.174"/>
  <testcase classname="api.test.DataDrivenTests" name="testDeleteUsers" time="1.261"/>
</testsuite> <!-- Default test -->
