<?xml version="1.0" encoding="UTF-8"?>
<testng-results ignored="0" total="14" passed="14" failed="0" skipped="0">
  <reporter-output>
  </reporter-output>
  <suite started-at="2024-06-25T16:28:19 IST" name="Surefire suite" finished-at="2024-06-25T16:28:40 IST" duration-ms="21853">
    <groups>
    </groups>
    <test started-at="2024-06-25T16:28:19 IST" name="Surefire test" finished-at="2024-06-25T16:28:40 IST" duration-ms="21853">
      <class name="api.test.DataDrivenTests">
        <test-method signature="testPostUsers(java.lang.String,java.lang.String,java.lang.String,java.lang.String,java.lang.String,java.lang.String,java.lang.String)[pri:1, instance:api.test.DataDrivenTests@14d3bc22]" started-at="2024-06-25T16:28:21 IST" name="testPostUsers" data-provider="Data" finished-at="2024-06-25T16:28:24 IST" duration-ms="2934" status="PASS">
          <params>
            <param index="0">
              <value>
                <![CDATA[2024061201]]>
              </value>
            </param>
            <param index="1">
              <value>
                <![CDATA[qauser01]]>
              </value>
            </param>
            <param index="2">
              <value>
                <![CDATA[John]]>
              </value>
            </param>
            <param index="3">
              <value>
                <![CDATA[Cena]]>
              </value>
            </param>
            <param index="4">
              <value>
                <![CDATA[qauser01@gmail.com]]>
              </value>
            </param>
            <param index="5">
              <value>
                <![CDATA[Test$123]]>
              </value>
            </param>
            <param index="6">
              <value>
                <![CDATA[9676186016]]>
              </value>
            </param>
          </params>
          <reporter-output>
          </reporter-output>
        </test-method> <!-- testPostUsers -->
        <test-method signature="testPostUsers(java.lang.String,java.lang.String,java.lang.String,java.lang.String,java.lang.String,java.lang.String,java.lang.String)[pri:1, instance:api.test.DataDrivenTests@14d3bc22]" started-at="2024-06-25T16:28:24 IST" name="testPostUsers" data-provider="Data" finished-at="2024-06-25T16:28:25 IST" duration-ms="1238" status="PASS">
          <params>
            <param index="0">
              <value>
                <![CDATA[2024061202]]>
              </value>
            </param>
            <param index="1">
              <value>
                <![CDATA[qauser02]]>
              </value>
            </param>
            <param index="2">
              <value>
                <![CDATA[Under]]>
              </value>
            </param>
            <param index="3">
              <value>
                <![CDATA[Taker]]>
              </value>
            </param>
            <param index="4">
              <value>
                <![CDATA[qauser02@gmail.com]]>
              </value>
            </param>
            <param index="5">
              <value>
                <![CDATA[Test$124]]>
              </value>
            </param>
            <param index="6">
              <value>
                <![CDATA[9676186026]]>
              </value>
            </param>
          </params>
          <reporter-output>
          </reporter-output>
        </test-method> <!-- testPostUsers -->
        <test-method signature="testPostUsers(java.lang.String,java.lang.String,java.lang.String,java.lang.String,java.lang.String,java.lang.String,java.lang.String)[pri:1, instance:api.test.DataDrivenTests@14d3bc22]" started-at="2024-06-25T16:28:25 IST" name="testPostUsers" data-provider="Data" finished-at="2024-06-25T16:28:26 IST" duration-ms="1286" status="PASS">
          <params>
            <param index="0">
              <value>
                <![CDATA[2024061203]]>
              </value>
            </param>
            <param index="1">
              <value>
                <![CDATA[qauser03]]>
              </value>
            </param>
            <param index="2">
              <value>
                <![CDATA[The]]>
              </value>
            </param>
            <param index="3">
              <value>
                <![CDATA[Rock]]>
              </value>
            </param>
            <param index="4">
              <value>
                <![CDATA[qauser03@gmail.com]]>
              </value>
            </param>
            <param index="5">
              <value>
                <![CDATA[Test$125]]>
              </value>
            </param>
            <param index="6">
              <value>
                <![CDATA[9676186036]]>
              </value>
            </param>
          </params>
          <reporter-output>
          </reporter-output>
        </test-method> <!-- testPostUsers -->
        <test-method signature="testPostUsers(java.lang.String,java.lang.String,java.lang.String,java.lang.String,java.lang.String,java.lang.String,java.lang.String)[pri:1, instance:api.test.DataDrivenTests@14d3bc22]" started-at="2024-06-25T16:28:26 IST" name="testPostUsers" data-provider="Data" finished-at="2024-06-25T16:28:28 IST" duration-ms="1318" status="PASS">
          <params>
            <param index="0">
              <value>
                <![CDATA[2024061204]]>
              </value>
            </param>
            <param index="1">
              <value>
                <![CDATA[qauser04]]>
              </value>
            </param>
            <param index="2">
              <value>
                <![CDATA[Triple]]>
              </value>
            </param>
            <param index="3">
              <value>
                <![CDATA[H]]>
              </value>
            </param>
            <param index="4">
              <value>
                <![CDATA[qauser04@gmail.com]]>
              </value>
            </param>
            <param index="5">
              <value>
                <![CDATA[Test$126]]>
              </value>
            </param>
            <param index="6">
              <value>
                <![CDATA[9676186046]]>
              </value>
            </param>
          </params>
          <reporter-output>
          </reporter-output>
        </test-method> <!-- testPostUsers -->
        <test-method signature="testPostUsers(java.lang.String,java.lang.String,java.lang.String,java.lang.String,java.lang.String,java.lang.String,java.lang.String)[pri:1, instance:api.test.DataDrivenTests@14d3bc22]" started-at="2024-06-25T16:28:28 IST" name="testPostUsers" data-provider="Data" finished-at="2024-06-25T16:28:29 IST" duration-ms="1178" status="PASS">
          <params>
            <param index="0">
              <value>
                <![CDATA[2024061205]]>
              </value>
            </param>
            <param index="1">
              <value>
                <![CDATA[qauser05]]>
              </value>
            </param>
            <param index="2">
              <value>
                <![CDATA[Shawn]]>
              </value>
            </param>
            <param index="3">
              <value>
                <![CDATA[Micheal]]>
              </value>
            </param>
            <param index="4">
              <value>
                <![CDATA[qauser05@gmail.com]]>
              </value>
            </param>
            <param index="5">
              <value>
                <![CDATA[Test$127]]>
              </value>
            </param>
            <param index="6">
              <value>
                <![CDATA[9676186056]]>
              </value>
            </param>
          </params>
          <reporter-output>
          </reporter-output>
        </test-method> <!-- testPostUsers -->
        <test-method signature="testDeleteUsers(java.lang.String)[pri:2, instance:api.test.DataDrivenTests@14d3bc22]" started-at="2024-06-25T16:28:29 IST" name="testDeleteUsers" data-provider="UserNames" finished-at="2024-06-25T16:28:30 IST" duration-ms="1255" status="PASS">
          <params>
            <param index="0">
              <value>
                <![CDATA[qauser01]]>
              </value>
            </param>
          </params>
          <reporter-output>
          </reporter-output>
        </test-method> <!-- testDeleteUsers -->
        <test-method signature="testDeleteUsers(java.lang.String)[pri:2, instance:api.test.DataDrivenTests@14d3bc22]" started-at="2024-06-25T16:28:30 IST" name="testDeleteUsers" data-provider="UserNames" finished-at="2024-06-25T16:28:31 IST" duration-ms="1193" status="PASS">
          <params>
            <param index="0">
              <value>
                <![CDATA[qauser02]]>
              </value>
            </param>
          </params>
          <reporter-output>
          </reporter-output>
        </test-method> <!-- testDeleteUsers -->
        <test-method signature="testDeleteUsers(java.lang.String)[pri:2, instance:api.test.DataDrivenTests@14d3bc22]" started-at="2024-06-25T16:28:31 IST" name="testDeleteUsers" data-provider="UserNames" finished-at="2024-06-25T16:28:33 IST" duration-ms="1270" status="PASS">
          <params>
            <param index="0">
              <value>
                <![CDATA[qauser03]]>
              </value>
            </param>
          </params>
          <reporter-output>
          </reporter-output>
        </test-method> <!-- testDeleteUsers -->
        <test-method signature="testDeleteUsers(java.lang.String)[pri:2, instance:api.test.DataDrivenTests@14d3bc22]" started-at="2024-06-25T16:28:33 IST" name="testDeleteUsers" data-provider="UserNames" finished-at="2024-06-25T16:28:34 IST" duration-ms="1301" status="PASS">
          <params>
            <param index="0">
              <value>
                <![CDATA[qauser04]]>
              </value>
            </param>
          </params>
          <reporter-output>
          </reporter-output>
        </test-method> <!-- testDeleteUsers -->
        <test-method signature="testDeleteUsers(java.lang.String)[pri:2, instance:api.test.DataDrivenTests@14d3bc22]" started-at="2024-06-25T16:28:34 IST" name="testDeleteUsers" data-provider="UserNames" finished-at="2024-06-25T16:28:35 IST" duration-ms="1343" status="PASS">
          <params>
            <param index="0">
              <value>
                <![CDATA[qauser05]]>
              </value>
            </param>
          </params>
          <reporter-output>
          </reporter-output>
        </test-method> <!-- testDeleteUsers -->
      </class> <!-- api.test.DataDrivenTests -->
      <class name="api.test.UserTests">
        <test-method is-config="true" signature="setup()[pri:0, instance:api.test.UserTests@51e5fc98]" started-at="2024-06-25T16:28:35 IST" name="setup" finished-at="2024-06-25T16:28:35 IST" duration-ms="204" status="PASS">
          <reporter-output>
          </reporter-output>
        </test-method> <!-- setup -->
        <test-method signature="testPostUser()[pri:1, instance:api.test.UserTests@51e5fc98]" started-at="2024-06-25T16:28:35 IST" name="testPostUser" finished-at="2024-06-25T16:28:37 IST" duration-ms="1358" status="PASS">
          <reporter-output>
          </reporter-output>
        </test-method> <!-- testPostUser -->
        <test-method signature="testGetUserByName()[pri:2, instance:api.test.UserTests@51e5fc98]" started-at="2024-06-25T16:28:37 IST" name="testGetUserByName" finished-at="2024-06-25T16:28:38 IST" duration-ms="1307" status="PASS">
          <reporter-output>
          </reporter-output>
        </test-method> <!-- testGetUserByName -->
        <test-method signature="testUpdateUserByName()[pri:3, instance:api.test.UserTests@51e5fc98]" started-at="2024-06-25T16:28:38 IST" name="testUpdateUserByName" finished-at="2024-06-25T16:28:39 IST" duration-ms="1231" status="PASS">
          <reporter-output>
          </reporter-output>
        </test-method> <!-- testUpdateUserByName -->
        <test-method signature="testDeleteUserByName()[pri:4, instance:api.test.UserTests@51e5fc98]" started-at="2024-06-25T16:28:39 IST" name="testDeleteUserByName" finished-at="2024-06-25T16:28:40 IST" duration-ms="1221" status="PASS">
          <reporter-output>
          </reporter-output>
        </test-method> <!-- testDeleteUserByName -->
      </class> <!-- api.test.UserTests -->
    </test> <!-- Surefire test -->
  </suite> <!-- Surefire suite -->
</testng-results>
