<?xml version="1.0" encoding="UTF-8"?>
<testsuite xmlns:xsi="http://www.w3.org/2001/XMLSchema-instance" xsi:noNamespaceSchemaLocation="https://maven.apache.org/surefire/maven-surefire-plugin/xsd/surefire-test-report.xsd" version="3.0.1" name="TestSuite" time="22.299" tests="14" errors="0" skipped="0" failures="0">
  <properties>
[...]
</properties>
  <testcase name="testPostUsers[2024061201, qauser01, John, Cena, qauser01@gmail.com, Test$123, 9676186016](1)" classname="api.test.DataDrivenTests" time="2.934">
    <system-out><![CDATA[HTTP/1.1 200 OK
Date: Tue, 25 Jun 2024 10:58:24 GMT
Content-Type: application/json
Transfer-Encoding: chunked
Connection: keep-alive
Access-Control-Allow-Origin: *
Access-Control-Allow-Methods: GET, POST, DELETE, PUT
Access-Control-Allow-Headers: Content-Type, api_key, Authorization
Server: Jetty(9.2.9.v20150224)

{
    "code": 200,
    "type": "unknown",
    "message": "2024061201"
}
]]></system-out>
  </testcase>
  <testcase name="testPostUsers[2024061202, qauser02, Under, Taker, qauser02@gmail.com, Test$124, 9676186026](2)" classname="api.test.DataDrivenTests" time="1.246">
    <system-out><![CDATA[HTTP/1.1 200 OK
Date: Tue, 25 Jun 2024 10:58:25 GMT
Content-Type: application/json
Transfer-Encoding: chunked
Connection: keep-alive
Access-Control-Allow-Origin: *
Access-Control-Allow-Methods: GET, POST, DELETE, PUT
Access-Control-Allow-Headers: Content-Type, api_key, Authorization
Server: Jetty(9.2.9.v20150224)

{
    "code": 200,
    "type": "unknown",
    "message": "2024061202"
}
]]></system-out>
  </testcase>
  <testcase name="testPostUsers[2024061203, qauser03, The, Rock, qauser03@gmail.com, Test$125, 9676186036](3)" classname="api.test.DataDrivenTests" time="1.278">
    <system-out><![CDATA[HTTP/1.1 200 OK
Date: Tue, 25 Jun 2024 10:58:27 GMT
Content-Type: application/json
Transfer-Encoding: chunked
Connection: keep-alive
Access-Control-Allow-Origin: *
Access-Control-Allow-Methods: GET, POST, DELETE, PUT
Access-Control-Allow-Headers: Content-Type, api_key, Authorization
Server: Jetty(9.2.9.v20150224)

{
    "code": 200,
    "type": "unknown",
    "message": "2024061203"
}
]]></system-out>
  </testcase>
  <testcase name="testPostUsers[2024061204, qauser04, Triple, H, qauser04@gmail.com, Test$126, 9676186046](4)" classname="api.test.DataDrivenTests" time="1.318">
    <system-out><![CDATA[HTTP/1.1 200 OK
Date: Tue, 25 Jun 2024 10:58:28 GMT
Content-Type: application/json
Transfer-Encoding: chunked
Connection: keep-alive
Access-Control-Allow-Origin: *
Access-Control-Allow-Methods: GET, POST, DELETE, PUT
Access-Control-Allow-Headers: Content-Type, api_key, Authorization
Server: Jetty(9.2.9.v20150224)

{
    "code": 200,
    "type": "unknown",
    "message": "2024061204"
}
]]></system-out>
  </testcase>
  <testcase name="testPostUsers[2024061205, qauser05, Shawn, Micheal, qauser05@gmail.com, Test$127, 9676186056](5)" classname="api.test.DataDrivenTests" time="1.193">
    <system-out><![CDATA[HTTP/1.1 200 OK
Date: Tue, 25 Jun 2024 10:58:29 GMT
Content-Type: application/json
Transfer-Encoding: chunked
Connection: keep-alive
Access-Control-Allow-Origin: *
Access-Control-Allow-Methods: GET, POST, DELETE, PUT
Access-Control-Allow-Headers: Content-Type, api_key, Authorization
Server: Jetty(9.2.9.v20150224)

{
    "code": 200,
    "type": "unknown",
    "message": "2024061205"
}
]]></system-out>
  </testcase>
  <testcase name="testDeleteUsers[qauser01](1)" classname="api.test.DataDrivenTests" time="1.255">
    <system-out><![CDATA[HTTP/1.1 200 OK
Date: Tue, 25 Jun 2024 10:58:31 GMT
Content-Type: application/json
Transfer-Encoding: chunked
Connection: keep-alive
Access-Control-Allow-Origin: *
Access-Control-Allow-Methods: GET, POST, DELETE, PUT
Access-Control-Allow-Headers: Content-Type, api_key, Authorization
Server: Jetty(9.2.9.v20150224)

{
    "code": 200,
    "type": "unknown",
    "message": "qauser01"
}
]]></system-out>
  </testcase>
  <testcase name="testDeleteUsers[qauser02](2)" classname="api.test.DataDrivenTests" time="1.201">
    <system-out><![CDATA[HTTP/1.1 200 OK
Date: Tue, 25 Jun 2024 10:58:32 GMT
Content-Type: application/json
Transfer-Encoding: chunked
Connection: keep-alive
Access-Control-Allow-Origin: *
Access-Control-Allow-Methods: GET, POST, DELETE, PUT
Access-Control-Allow-Headers: Content-Type, api_key, Authorization
Server: Jetty(9.2.9.v20150224)

{
    "code": 200,
    "type": "unknown",
    "message": "qauser02"
}
]]></system-out>
  </testcase>
  <testcase name="testDeleteUsers[qauser03](3)" classname="api.test.DataDrivenTests" time="1.277">
    <system-out><![CDATA[HTTP/1.1 200 OK
Date: Tue, 25 Jun 2024 10:58:33 GMT
Content-Type: application/json
Transfer-Encoding: chunked
Connection: keep-alive
Access-Control-Allow-Origin: *
Access-Control-Allow-Methods: GET, POST, DELETE, PUT
Access-Control-Allow-Headers: Content-Type, api_key, Authorization
Server: Jetty(9.2.9.v20150224)

{
    "code": 200,
    "type": "unknown",
    "message": "qauser03"
}
]]></system-out>
  </testcase>
  <testcase name="testDeleteUsers[qauser04](4)" classname="api.test.DataDrivenTests" time="1.302">
    <system-out><![CDATA[HTTP/1.1 200 OK
Date: Tue, 25 Jun 2024 10:58:34 GMT
Content-Type: application/json
Transfer-Encoding: chunked
Connection: keep-alive
Access-Control-Allow-Origin: *
Access-Control-Allow-Methods: GET, POST, DELETE, PUT
Access-Control-Allow-Headers: Content-Type, api_key, Authorization
Server: Jetty(9.2.9.v20150224)

{
    "code": 200,
    "type": "unknown",
    "message": "qauser04"
}
]]></system-out>
  </testcase>
  <testcase name="testDeleteUsers[qauser05](5)" classname="api.test.DataDrivenTests" time="1.335">
    <system-out><![CDATA[HTTP/1.1 200 OK
Date: Tue, 25 Jun 2024 10:58:36 GMT
Content-Type: application/json
Transfer-Encoding: chunked
Connection: keep-alive
Access-Control-Allow-Origin: *
Access-Control-Allow-Methods: GET, POST, DELETE, PUT
Access-Control-Allow-Headers: Content-Type, api_key, Authorization
Server: Jetty(9.2.9.v20150224)

{
    "code": 200,
    "type": "unknown",
    "message": "qauser05"
}
]]></system-out>
  </testcase>
  <testcase name="testPostUser" classname="api.test.UserTests" time="1.358">
    <system-out><![CDATA[16:28:35.867 [main] INFO  api.test.UserTests - ***** User Created *****
HTTP/1.1 200 OK
Date: Tue, 25 Jun 2024 10:58:37 GMT
Content-Type: application/json
Transfer-Encoding: chunked
Connection: keep-alive
Access-Control-Allow-Origin: *
Access-Control-Allow-Methods: GET, POST, DELETE, PUT
Access-Control-Allow-Headers: Content-Type, api_key, Authorization
Server: Jetty(9.2.9.v20150224)

{
    "code": 200,
    "type": "unknown",
    "message": "114109618"
}
]]></system-out>
  </testcase>
  <testcase name="testGetUserByName" classname="api.test.UserTests" time="1.296">
    <system-out><![CDATA[16:28:37.236 [main] INFO  api.test.UserTests - ***** Get Users *****
HTTP/1.1 200 OK
Date: Tue, 25 Jun 2024 10:58:39 GMT
Content-Type: application/json
Transfer-Encoding: chunked
Connection: keep-alive
Access-Control-Allow-Origin: *
Access-Control-Allow-Methods: GET, POST, DELETE, PUT
Access-Control-Allow-Headers: Content-Type, api_key, Authorization
Server: Jetty(9.2.9.v20150224)

{
    "id": 114109618,
    "username": "roy.hirthe",
    "firstName": "Janee",
    "lastName": "Williamson",
    "email": "carma.king@example.com",
    "password": "9gzrq",
    "phone": "516-014-6951",
    "userStatus": 0
}
]]></system-out>
  </testcase>
  <testcase name="testUpdateUserByName" classname="api.test.UserTests" time="1.231">
    <system-out><![CDATA[16:28:38.532 [main] INFO  api.test.UserTests - ***** User Updated *****
HTTP/1.1 200 OK
Date: Tue, 25 Jun 2024 10:58:40 GMT
Content-Type: application/json
Transfer-Encoding: chunked
Connection: keep-alive
Access-Control-Allow-Origin: *
Access-Control-Allow-Methods: GET, POST, DELETE, PUT
Access-Control-Allow-Headers: Content-Type, api_key, Authorization
Server: Jetty(9.2.9.v20150224)

{
    "code": 200,
    "type": "unknown",
    "message": "114109618"
}
]]></system-out>
  </testcase>
  <testcase name="testDeleteUserByName" classname="api.test.UserTests" time="1.221">
    <system-out><![CDATA[16:28:39.763 [main] INFO  api.test.UserTests - ***** User Deleted *****
HTTP/1.1 200 OK
Date: Tue, 25 Jun 2024 10:58:41 GMT
Content-Type: application/json
Transfer-Encoding: chunked
Connection: keep-alive
Access-Control-Allow-Origin: *
Access-Control-Allow-Methods: GET, POST, DELETE, PUT
Access-Control-Allow-Headers: Content-Type, api_key, Authorization
Server: Jetty(9.2.9.v20150224)

{
    "code": 200,
    "type": "unknown",
    "message": "roy.hirthe"
}
]]></system-out>
  </testcase>
</testsuite>