<?xml version="1.0" encoding="UTF-8"?>
<!-- Generated by org.testng.reporters.JUnitXMLReporter -->
<testsuite ignored="0" hostname="LAPTOP-6M7LULL1" failures="0" tests="4" name="Pet_Test" time="7.577" errors="0" timestamp="2024-06-19T18:05:17 IST">
  <testcase classname="api.test.UserTests2" name="testPostUser" time="2.884"/>
  <testcase classname="api.test.UserTests2" name="testGetUserByName" time="1.199"/>
  <testcase classname="api.test.UserTests2" name="testUpdateUserByName" time="1.158"/>
  <testcase classname="api.test.UserTests2" name="testDeleteUserByName" time="1.147"/>
</testsuite> <!-- Pet_Test -->
