<?xml version="1.0" encoding="UTF-8"?>
<testng-results ignored="0" total="4" passed="4" failed="0" skipped="0">
  <reporter-output>
  </reporter-output>
  <suite started-at="2024-06-19T18:05:09 IST" name="Pet_Suite" finished-at="2024-06-19T18:05:17 IST" duration-ms="7577">
    <groups>
    </groups>
    <test started-at="2024-06-19T18:05:09 IST" name="Pet_Test" finished-at="2024-06-19T18:05:17 IST" duration-ms="7577">
      <class name="api.test.UserTests2">
        <test-method is-config="true" signature="setup()[pri:0, instance:api.test.UserTests2@4d1c005e]" started-at="2024-06-19T18:05:09 IST" name="setup" finished-at="2024-06-19T18:05:10 IST" duration-ms="865" status="PASS">
          <reporter-output>
          </reporter-output>
        </test-method> <!-- setup -->
        <test-method signature="testPostUser()[pri:1, instance:api.test.UserTests2@4d1c005e]" started-at="2024-06-19T18:05:10 IST" name="testPostUser" finished-at="2024-06-19T18:05:13 IST" duration-ms="2884" status="PASS">
          <reporter-output>
          </reporter-output>
        </test-method> <!-- testPostUser -->
        <test-method signature="testGetUserByName()[pri:2, instance:api.test.UserTests2@4d1c005e]" started-at="2024-06-19T18:05:13 IST" name="testGetUserByName" finished-at="2024-06-19T18:05:14 IST" duration-ms="1199" status="PASS">
          <reporter-output>
          </reporter-output>
        </test-method> <!-- testGetUserByName -->
        <test-method signature="testUpdateUserByName()[pri:3, instance:api.test.UserTests2@4d1c005e]" started-at="2024-06-19T18:05:14 IST" name="testUpdateUserByName" finished-at="2024-06-19T18:05:16 IST" duration-ms="1158" status="PASS">
          <reporter-output>
          </reporter-output>
        </test-method> <!-- testUpdateUserByName -->
        <test-method signature="testDeleteUserByName()[pri:4, instance:api.test.UserTests2@4d1c005e]" started-at="2024-06-19T18:05:16 IST" name="testDeleteUserByName" finished-at="2024-06-19T18:05:17 IST" duration-ms="1147" status="PASS">
          <reporter-output>
          </reporter-output>
        </test-method> <!-- testDeleteUserByName -->
      </class> <!-- api.test.UserTests2 -->
    </test> <!-- Pet_Test -->
  </suite> <!-- Pet_Suite -->
</testng-results>
